<?xml version="1.0" encoding="UTF-8"?>
<!-- Generated by org.testng.reporters.JUnitReportReporter -->
<testsuite hostname="LAPTOP-0N04PV0R" failures="0" tests="1" name="seleniumWait.FluentWait" time="15.263" errors="0" timestamp="2021-07-25T13:46:46 IST" skipped="0">
  <testcase classname="seleniumWait.FluentWait" name="testUntitled" time="15.263"/>
  <system-out/>
</testsuite> <!-- seleniumWait.FluentWait -->
